[15:22:56.072][INFO]: Successfully injected RecipeFS file system
[15:22:56.196][INFO]: Successfully identified and loaded plugin crafttweaker:builtin
[15:22:56.198][INFO]: Successfully identified and loaded plugin crafttweaker:builtin_forge
[15:22:56.201][INFO]: Successfully identified and loaded plugin mekanism:crt_plugin
[15:22:56.202][INFO]: Successfully identified and loaded plugin createtweaker:main
[15:22:56.917][INFO]: The following mods have explicit CraftTweaker support through the default plugin:
[15:22:56.918][INFO]: - 'crafttweaker' at version '10.1.33'
[15:22:56.918][INFO]: - 'createtweaker' at version '3.0.0.2'
[15:22:56.918][INFO]: - 'mekanism' at version '10.3.6'
[15:23:01.088][INFO]: Started loading scripts for loader 'mekanismcontent'
[15:23:01.197][INFO]: Compiling and executing scripts
[15:23:01.401][INFO]: Successfully initialized modules [mods, crafttweaker, expansions]
[15:23:01.450][INFO]: Execution for loader 'mekanismcontent' completed successfully
[15:23:01.451][INFO]: Registering 0 custom gases.
[15:23:01.455][INFO]: Registering 0 custom infuse types.
[15:23:01.461][INFO]: Registering 0 custom pigments.
[15:23:01.464][INFO]: Registering 0 custom robit skins.
[15:23:01.467][INFO]: Registering 0 custom slurries.
[15:23:01.793][INFO]: Started loading scripts for loader 'initialize'
[15:23:01.806][INFO]: Compiling and executing scripts
[15:23:01.806][INFO]: Successfully initialized modules [crafttweaker, expansions]
[15:23:01.810][INFO]: Execution for loader 'initialize' completed successfully
[15:23:09.469][INFO]: Started loading scripts for loader 'tags'
[15:23:09.481][INFO]: Compiling and executing scripts
[15:23:09.483][INFO]: Successfully initialized modules [crafttweaker, expansions]
[15:23:09.489][INFO]: Execution for loader 'tags' completed successfully
[15:23:10.686][INFO]: Started loading scripts for loader 'crafttweaker'
[15:23:10.695][INFO]: Compiling and executing scripts
[15:23:10.751][INFO]: Successfully initialized modules [mods, crafttweaker, expansions]
[15:23:10.756][INFO]: Execution for loader 'crafttweaker' completed successfully
